[ 2015-05-17T09:18:21+08:00 ] 127.0.0.1 /inforextend/
INFO: [ app_begin ] --START--
INFO: ReadHtmlCache Behavior ::run [ RunTime:0.029777s ]
INFO: [ app_begin ] --END-- [ RunTime:0.037818s ]
SQL: SHOW COLUMNS FROM `my_show` [ RunTime:0.162030s ]
SQL: SELECT * FROM `my_show` WHERE ( `mark` = 1 )  [ RunTime:0.020585s ]
INFO: [ view_parse ] --START--
INFO: ParseTemplate Behavior ::run [ RunTime:0.119178s ]
INFO: [ view_parse ] --END-- [ RunTime:0.119398s ]
INFO: [ view_filter ] --START--
INFO: ContentReplace Behavior ::run [ RunTime:0.010585s ]
INFO: TokenBuild Behavior ::run [ RunTime:0.013866s ]
INFO: WriteHtmlCache Behavior ::run [ RunTime:0.013785s ]
INFO: ShowRuntime Behavior ::run [ RunTime:0.003926s ]
INFO: [ view_filter ] --END-- [ RunTime:0.042819s ]
INFO: [ view_end ] --START--
INFO: ShowPageTrace Behavior ::run [ RunTime:0.062770s ]
INFO: [ view_end ] --END-- [ RunTime:0.062967s ]

[ 2015-05-17T14:29:08+08:00 ] 127.0.0.1 /inforextend/
INFO: [ app_begin ] --START--
INFO: ReadHtmlCache Behavior ::run [ RunTime:0.039973s ]
INFO: [ app_begin ] --END-- [ RunTime:0.040325s ]
SQL: SHOW COLUMNS FROM `my_show` [ RunTime:0.502044s ]
SQL: SELECT * FROM `my_show` WHERE ( `mark` = 1 )  [ RunTime:0.248838s ]
INFO: [ view_parse ] --START--
INFO: ParseTemplate Behavior ::run [ RunTime:0.169226s ]
INFO: [ view_parse ] --END-- [ RunTime:0.169634s ]
INFO: [ view_filter ] --START--
INFO: ContentReplace Behavior ::run [ RunTime:0.020982s ]
INFO: TokenBuild Behavior ::run [ RunTime:0.031963s ]
INFO: WriteHtmlCache Behavior ::run [ RunTime:0.017838s ]
INFO: ShowRuntime Behavior ::run [ RunTime:0.002553s ]
INFO: [ view_filter ] --END-- [ RunTime:0.073926s ]
INFO: [ view_end ] --START--
INFO: ShowPageTrace Behavior ::run [ RunTime:0.009844s ]
INFO: [ view_end ] --END-- [ RunTime:0.010077s ]

[ 2015-05-17T19:06:21+08:00 ] 127.0.0.1 /inforextend/index.php/Index/Index/team.html
INFO: [ route_check ] --START--
INFO: CheckRoute Behavior ::run [ RunTime:0.023069s ]
INFO: [ route_check ] --END-- [ RunTime:0.054286s ]
INFO: [ app_begin ] --START--
INFO: ReadHtmlCache Behavior ::run [ RunTime:0.018874s ]
INFO: [ app_begin ] --END-- [ RunTime:0.019017s ]
SQL: SHOW COLUMNS FROM `my_team` [ RunTime:0.947314s ]
SQL: SELECT * FROM `my_team` WHERE ( `mark` = 1 )  [ RunTime:0.103639s ]
INFO: [ view_parse ] --START--
INFO: ParseTemplate Behavior ::run [ RunTime:0.231951s ]
INFO: [ view_parse ] --END-- [ RunTime:0.232155s ]
INFO: [ view_filter ] --START--
INFO: ContentReplace Behavior ::run [ RunTime:0.015731s ]
INFO: TokenBuild Behavior ::run [ RunTime:0.013503s ]
INFO: WriteHtmlCache Behavior ::run [ RunTime:0.014204s ]
INFO: ShowRuntime Behavior ::run [ RunTime:0.003274s ]
INFO: [ view_filter ] --END-- [ RunTime:0.047179s ]
INFO: [ view_end ] --START--
INFO: ShowPageTrace Behavior ::run [ RunTime:0.008343s ]
INFO: [ view_end ] --END-- [ RunTime:0.008477s ]

[ 2015-05-17T19:06:22+08:00 ] 127.0.0.1 /inforextend/index.php/Index/Index/people.html
INFO: [ route_check ] --START--
INFO: CheckRoute Behavior ::run [ RunTime:0.002154s ]
INFO: [ route_check ] --END-- [ RunTime:0.002327s ]
INFO: [ app_begin ] --START--
INFO: ReadHtmlCache Behavior ::run [ RunTime:0.001578s ]
INFO: [ app_begin ] --END-- [ RunTime:0.001765s ]
SQL: SHOW COLUMNS FROM `my_peopleinfor` [ RunTime:0.340698s ]
SQL: SELECT * FROM `my_peopleinfor` WHERE ( `mark` = 1 )  [ RunTime:0.000479s ]
INFO: [ view_parse ] --START--
INFO: ParseTemplate Behavior ::run [ RunTime:0.040568s ]
INFO: [ view_parse ] --END-- [ RunTime:0.040746s ]
INFO: [ view_filter ] --START--
INFO: ContentReplace Behavior ::run [ RunTime:0.001414s ]
INFO: TokenBuild Behavior ::run [ RunTime:0.001676s ]
INFO: WriteHtmlCache Behavior ::run [ RunTime:0.002361s ]
INFO: ShowRuntime Behavior ::run [ RunTime:0.001784s ]
INFO: [ view_filter ] --END-- [ RunTime:0.007643s ]
INFO: [ view_end ] --START--
INFO: ShowPageTrace Behavior ::run [ RunTime:0.001561s ]
INFO: [ view_end ] --END-- [ RunTime:0.001680s ]

