[ 2015-05-18T15:22:45+08:00 ] 127.0.0.1 /inforextend/
INFO: [ app_begin ] --START--
INFO: ReadHtmlCache Behavior ::run [ RunTime:0.018552s ]
INFO: [ app_begin ] --END-- [ RunTime:0.019440s ]
SQL: SHOW COLUMNS FROM `my_show` [ RunTime:0.176104s ]
SQL: SELECT * FROM `my_show` WHERE ( `mark` = 1 )  [ RunTime:0.219605s ]
INFO: [ view_parse ] --START--
INFO: ParseTemplate Behavior ::run [ RunTime:0.116253s ]
INFO: [ view_parse ] --END-- [ RunTime:0.116423s ]
INFO: [ view_filter ] --START--
INFO: ContentReplace Behavior ::run [ RunTime:0.043332s ]
INFO: TokenBuild Behavior ::run [ RunTime:0.057882s ]
INFO: WriteHtmlCache Behavior ::run [ RunTime:0.014228s ]
INFO: ShowRuntime Behavior ::run [ RunTime:0.001808s ]
INFO: [ view_filter ] --END-- [ RunTime:0.117632s ]
INFO: [ view_end ] --START--
INFO: ShowPageTrace Behavior ::run [ RunTime:0.009744s ]
INFO: [ view_end ] --END-- [ RunTime:0.009864s ]

[ 2015-05-18T15:25:48+08:00 ] 127.0.0.1 /inforextend/index.php/Index/Index/team.html
INFO: [ route_check ] --START--
INFO: CheckRoute Behavior ::run [ RunTime:0.012552s ]
INFO: [ route_check ] --END-- [ RunTime:0.012701s ]
INFO: [ app_begin ] --START--
INFO: ReadHtmlCache Behavior ::run [ RunTime:0.001465s ]
INFO: [ app_begin ] --END-- [ RunTime:0.001615s ]
SQL: SHOW COLUMNS FROM `my_team` [ RunTime:0.038161s ]
SQL: SELECT * FROM `my_team` WHERE ( `mark` = 1 )  [ RunTime:0.000506s ]
INFO: [ view_parse ] --START--
INFO: ParseTemplate Behavior ::run [ RunTime:0.110864s ]
INFO: [ view_parse ] --END-- [ RunTime:0.111222s ]
INFO: [ view_filter ] --START--
INFO: ContentReplace Behavior ::run [ RunTime:0.001934s ]
INFO: TokenBuild Behavior ::run [ RunTime:0.001353s ]
INFO: WriteHtmlCache Behavior ::run [ RunTime:0.001137s ]
INFO: ShowRuntime Behavior ::run [ RunTime:0.001259s ]
INFO: [ view_filter ] --END-- [ RunTime:0.006050s ]
INFO: [ view_end ] --START--
INFO: ShowPageTrace Behavior ::run [ RunTime:0.001328s ]
INFO: [ view_end ] --END-- [ RunTime:0.001431s ]

[ 2015-05-18T15:25:49+08:00 ] 127.0.0.1 /inforextend/index.php/Index/Index/people.html
INFO: [ route_check ] --START--
INFO: CheckRoute Behavior ::run [ RunTime:0.001424s ]
INFO: [ route_check ] --END-- [ RunTime:0.001564s ]
INFO: [ app_begin ] --START--
INFO: ReadHtmlCache Behavior ::run [ RunTime:0.001434s ]
INFO: [ app_begin ] --END-- [ RunTime:0.001618s ]
SQL: SHOW COLUMNS FROM `my_peopleinfor` [ RunTime:0.164205s ]
SQL: SELECT * FROM `my_peopleinfor` WHERE ( `mark` = 1 )  [ RunTime:0.001240s ]
INFO: [ view_parse ] --START--
INFO: ParseTemplate Behavior ::run [ RunTime:0.055929s ]
INFO: [ view_parse ] --END-- [ RunTime:0.056276s ]
INFO: [ view_filter ] --START--
INFO: ContentReplace Behavior ::run [ RunTime:0.002022s ]
INFO: TokenBuild Behavior ::run [ RunTime:0.002150s ]
INFO: WriteHtmlCache Behavior ::run [ RunTime:0.001930s ]
INFO: ShowRuntime Behavior ::run [ RunTime:0.001912s ]
INFO: [ view_filter ] --END-- [ RunTime:0.008698s ]
INFO: [ view_end ] --START--
INFO: ShowPageTrace Behavior ::run [ RunTime:0.002771s ]
INFO: [ view_end ] --END-- [ RunTime:0.002984s ]

[ 2015-05-18T15:25:51+08:00 ] 127.0.0.1 /inforextend/index.php/Index/Index/product.html
INFO: [ route_check ] --START--
INFO: CheckRoute Behavior ::run [ RunTime:0.001375s ]
INFO: [ route_check ] --END-- [ RunTime:0.001514s ]
INFO: [ app_begin ] --START--
INFO: ReadHtmlCache Behavior ::run [ RunTime:0.001142s ]
INFO: [ app_begin ] --END-- [ RunTime:0.001257s ]
SQL: SHOW COLUMNS FROM `my_productinfor` [ RunTime:0.037300s ]
SQL: SELECT * FROM `my_productinfor` WHERE ( `mark` = 1 )  [ RunTime:0.000515s ]
INFO: [ view_parse ] --START--
INFO: ParseTemplate Behavior ::run [ RunTime:0.103100s ]
INFO: [ view_parse ] --END-- [ RunTime:0.103432s ]
INFO: [ view_filter ] --START--
INFO: ContentReplace Behavior ::run [ RunTime:0.001118s ]
INFO: TokenBuild Behavior ::run [ RunTime:0.000995s ]
INFO: WriteHtmlCache Behavior ::run [ RunTime:0.000844s ]
INFO: ShowRuntime Behavior ::run [ RunTime:0.001097s ]
INFO: [ view_filter ] --END-- [ RunTime:0.004384s ]
INFO: [ view_end ] --START--
INFO: ShowPageTrace Behavior ::run [ RunTime:0.001153s ]
INFO: [ view_end ] --END-- [ RunTime:0.001287s ]

[ 2015-05-18T15:25:52+08:00 ] 127.0.0.1 /inforextend/index.php/Index/Index/technology.html
INFO: [ route_check ] --START--
INFO: CheckRoute Behavior ::run [ RunTime:0.001871s ]
INFO: [ route_check ] --END-- [ RunTime:0.001999s ]
INFO: [ app_begin ] --START--
INFO: ReadHtmlCache Behavior ::run [ RunTime:0.001401s ]
INFO: [ app_begin ] --END-- [ RunTime:0.001510s ]
SQL: SHOW COLUMNS FROM `my_technology` [ RunTime:0.006948s ]
ERR: 1146:Table 'think.my_technology' doesn't exist
 [ SQL语句 ] : SHOW COLUMNS FROM `my_technology`
SQL: SELECT * FROM `my_technology` WHERE ( `mark` = 1 )  [ RunTime:0.001333s ]
ERR: 1146:Table 'think.my_technology' doesn't exist
 [ SQL语句 ] : SELECT * FROM `my_technology` WHERE ( `mark` = 1 ) 
INFO: [ view_parse ] --START--
INFO: ParseTemplate Behavior ::run [ RunTime:0.046097s ]
INFO: [ view_parse ] --END-- [ RunTime:0.046244s ]
INFO: [ view_filter ] --START--
INFO: ContentReplace Behavior ::run [ RunTime:0.001301s ]
INFO: TokenBuild Behavior ::run [ RunTime:0.001291s ]
INFO: WriteHtmlCache Behavior ::run [ RunTime:0.001553s ]
INFO: ShowRuntime Behavior ::run [ RunTime:0.001766s ]
INFO: [ view_filter ] --END-- [ RunTime:0.006306s ]
INFO: [ view_end ] --START--
INFO: ShowPageTrace Behavior ::run [ RunTime:0.001379s ]
INFO: [ view_end ] --END-- [ RunTime:0.001482s ]

[ 2015-05-18T15:25:59+08:00 ] 127.0.0.1 /inforextend/index.php/Index/Index/people.html
INFO: [ route_check ] --START--
INFO: CheckRoute Behavior ::run [ RunTime:0.001774s ]
INFO: [ route_check ] --END-- [ RunTime:0.001903s ]
INFO: [ app_begin ] --START--
INFO: ReadHtmlCache Behavior ::run [ RunTime:0.001306s ]
INFO: [ app_begin ] --END-- [ RunTime:0.001415s ]
SQL: SHOW COLUMNS FROM `my_peopleinfor` [ RunTime:0.005879s ]
SQL: SELECT * FROM `my_peopleinfor` WHERE ( `mark` = 1 )  [ RunTime:0.000396s ]
INFO: [ view_parse ] --START--
INFO: ParseTemplate Behavior ::run [ RunTime:0.018831s ]
INFO: [ view_parse ] --END-- [ RunTime:0.019030s ]
INFO: [ view_filter ] --START--
INFO: ContentReplace Behavior ::run [ RunTime:0.001406s ]
INFO: TokenBuild Behavior ::run [ RunTime:0.001275s ]
INFO: WriteHtmlCache Behavior ::run [ RunTime:0.001086s ]
INFO: ShowRuntime Behavior ::run [ RunTime:0.001355s ]
INFO: [ view_filter ] --END-- [ RunTime:0.005430s ]
INFO: [ view_end ] --START--
INFO: ShowPageTrace Behavior ::run [ RunTime:0.001825s ]
INFO: [ view_end ] --END-- [ RunTime:0.001942s ]

[ 2015-05-18T15:26:08+08:00 ] 127.0.0.1 /inforextend/index.php/Index/Index/team.html
INFO: [ route_check ] --START--
INFO: CheckRoute Behavior ::run [ RunTime:0.001354s ]
INFO: [ route_check ] --END-- [ RunTime:0.001495s ]
INFO: [ app_begin ] --START--
INFO: ReadHtmlCache Behavior ::run [ RunTime:0.001445s ]
INFO: [ app_begin ] --END-- [ RunTime:0.001618s ]
SQL: SHOW COLUMNS FROM `my_team` [ RunTime:0.008306s ]
SQL: SELECT * FROM `my_team` WHERE ( `mark` = 1 )  [ RunTime:0.000431s ]
INFO: [ view_parse ] --START--
INFO: ParseTemplate Behavior ::run [ RunTime:0.019757s ]
INFO: [ view_parse ] --END-- [ RunTime:0.019957s ]
INFO: [ view_filter ] --START--
INFO: ContentReplace Behavior ::run [ RunTime:0.001600s ]
INFO: TokenBuild Behavior ::run [ RunTime:0.001687s ]
INFO: WriteHtmlCache Behavior ::run [ RunTime:0.001450s ]
INFO: ShowRuntime Behavior ::run [ RunTime:0.001732s ]
INFO: [ view_filter ] --END-- [ RunTime:0.007042s ]
INFO: [ view_end ] --START--
INFO: ShowPageTrace Behavior ::run [ RunTime:0.002226s ]
INFO: [ view_end ] --END-- [ RunTime:0.002427s ]

[ 2015-05-18T15:26:11+08:00 ] 127.0.0.1 /inforextend/index.php/Index/Index/index.html
INFO: [ route_check ] --START--
INFO: CheckRoute Behavior ::run [ RunTime:0.002148s ]
INFO: [ route_check ] --END-- [ RunTime:0.002391s ]
INFO: [ app_begin ] --START--
INFO: ReadHtmlCache Behavior ::run [ RunTime:0.001254s ]
INFO: [ app_begin ] --END-- [ RunTime:0.001374s ]
SQL: SHOW COLUMNS FROM `my_show` [ RunTime:0.006967s ]
SQL: SELECT * FROM `my_show` WHERE ( `mark` = 1 )  [ RunTime:0.000455s ]
INFO: [ view_parse ] --START--
INFO: ParseTemplate Behavior ::run [ RunTime:0.016545s ]
INFO: [ view_parse ] --END-- [ RunTime:0.016802s ]
INFO: [ view_filter ] --START--
INFO: ContentReplace Behavior ::run [ RunTime:0.001687s ]
INFO: TokenBuild Behavior ::run [ RunTime:0.001378s ]
INFO: WriteHtmlCache Behavior ::run [ RunTime:0.000871s ]
INFO: ShowRuntime Behavior ::run [ RunTime:0.001094s ]
INFO: [ view_filter ] --END-- [ RunTime:0.005437s ]
INFO: [ view_end ] --START--
INFO: ShowPageTrace Behavior ::run [ RunTime:0.001674s ]
INFO: [ view_end ] --END-- [ RunTime:0.001793s ]

[ 2015-05-18T15:26:22+08:00 ] 127.0.0.1 /inforextend/index.php/Index/Index/product.html
INFO: [ route_check ] --START--
INFO: CheckRoute Behavior ::run [ RunTime:0.001329s ]
INFO: [ route_check ] --END-- [ RunTime:0.001478s ]
INFO: [ app_begin ] --START--
INFO: ReadHtmlCache Behavior ::run [ RunTime:0.001842s ]
INFO: [ app_begin ] --END-- [ RunTime:0.001969s ]
SQL: SHOW COLUMNS FROM `my_productinfor` [ RunTime:0.006165s ]
SQL: SELECT * FROM `my_productinfor` WHERE ( `mark` = 1 )  [ RunTime:0.000734s ]
INFO: [ view_parse ] --START--
INFO: ParseTemplate Behavior ::run [ RunTime:0.016498s ]
INFO: [ view_parse ] --END-- [ RunTime:0.016662s ]
INFO: [ view_filter ] --START--
INFO: ContentReplace Behavior ::run [ RunTime:0.001037s ]
INFO: TokenBuild Behavior ::run [ RunTime:0.000996s ]
INFO: WriteHtmlCache Behavior ::run [ RunTime:0.000985s ]
INFO: ShowRuntime Behavior ::run [ RunTime:0.001146s ]
INFO: [ view_filter ] --END-- [ RunTime:0.004479s ]
INFO: [ view_end ] --START--
INFO: ShowPageTrace Behavior ::run [ RunTime:0.001195s ]
INFO: [ view_end ] --END-- [ RunTime:0.001307s ]

[ 2015-05-18T15:26:24+08:00 ] 127.0.0.1 /inforextend/index.php/Index/Index/technology.html
INFO: [ route_check ] --START--
INFO: CheckRoute Behavior ::run [ RunTime:0.001345s ]
INFO: [ route_check ] --END-- [ RunTime:0.001525s ]
INFO: [ app_begin ] --START--
INFO: ReadHtmlCache Behavior ::run [ RunTime:0.001453s ]
INFO: [ app_begin ] --END-- [ RunTime:0.001594s ]
SQL: SHOW COLUMNS FROM `my_technology` [ RunTime:0.011276s ]
ERR: 1146:Table 'think.my_technology' doesn't exist
 [ SQL语句 ] : SHOW COLUMNS FROM `my_technology`
SQL: SELECT * FROM `my_technology` WHERE ( `mark` = 1 )  [ RunTime:0.002038s ]
ERR: 1146:Table 'think.my_technology' doesn't exist
 [ SQL语句 ] : SELECT * FROM `my_technology` WHERE ( `mark` = 1 ) 
INFO: [ view_parse ] --START--
INFO: ParseTemplate Behavior ::run [ RunTime:0.017743s ]
INFO: [ view_parse ] --END-- [ RunTime:0.017930s ]
INFO: [ view_filter ] --START--
INFO: ContentReplace Behavior ::run [ RunTime:0.001092s ]
INFO: TokenBuild Behavior ::run [ RunTime:0.001067s ]
INFO: WriteHtmlCache Behavior ::run [ RunTime:0.000918s ]
INFO: ShowRuntime Behavior ::run [ RunTime:0.001175s ]
INFO: [ view_filter ] --END-- [ RunTime:0.004587s ]
INFO: [ view_end ] --START--
INFO: ShowPageTrace Behavior ::run [ RunTime:0.001266s ]
INFO: [ view_end ] --END-- [ RunTime:0.001391s ]

[ 2015-05-18T15:29:28+08:00 ] 127.0.0.1 /inforextend/index.php/Index/Index/product.html
INFO: [ route_check ] --START--
INFO: CheckRoute Behavior ::run [ RunTime:0.001934s ]
INFO: [ route_check ] --END-- [ RunTime:0.002066s ]
INFO: [ app_begin ] --START--
INFO: ReadHtmlCache Behavior ::run [ RunTime:0.001398s ]
INFO: [ app_begin ] --END-- [ RunTime:0.001506s ]
SQL: SHOW COLUMNS FROM `my_productinfor` [ RunTime:0.005828s ]
SQL: SELECT * FROM `my_productinfor` WHERE ( `mark` = 1 )  [ RunTime:0.000435s ]
INFO: [ view_parse ] --START--
INFO: ParseTemplate Behavior ::run [ RunTime:0.019661s ]
INFO: [ view_parse ] --END-- [ RunTime:0.019816s ]
INFO: [ view_filter ] --START--
INFO: ContentReplace Behavior ::run [ RunTime:0.001397s ]
INFO: TokenBuild Behavior ::run [ RunTime:0.001546s ]
INFO: WriteHtmlCache Behavior ::run [ RunTime:0.001563s ]
INFO: ShowRuntime Behavior ::run [ RunTime:0.001462s ]
INFO: [ view_filter ] --END-- [ RunTime:0.006377s ]
INFO: [ view_end ] --START--
INFO: ShowPageTrace Behavior ::run [ RunTime:0.001564s ]
INFO: [ view_end ] --END-- [ RunTime:0.001687s ]

[ 2015-05-18T15:29:30+08:00 ] 127.0.0.1 /inforextend/index.php/Index/Index/team.html
INFO: [ route_check ] --START--
INFO: CheckRoute Behavior ::run [ RunTime:0.001273s ]
INFO: [ route_check ] --END-- [ RunTime:0.001403s ]
INFO: [ app_begin ] --START--
INFO: ReadHtmlCache Behavior ::run [ RunTime:0.001059s ]
INFO: [ app_begin ] --END-- [ RunTime:0.001163s ]
SQL: SHOW COLUMNS FROM `my_team` [ RunTime:0.006044s ]
SQL: SELECT * FROM `my_team` WHERE ( `mark` = 1 )  [ RunTime:0.000409s ]
INFO: [ view_parse ] --START--
INFO: ParseTemplate Behavior ::run [ RunTime:0.016888s ]
INFO: [ view_parse ] --END-- [ RunTime:0.017045s ]
INFO: [ view_filter ] --START--
INFO: ContentReplace Behavior ::run [ RunTime:0.001100s ]
INFO: TokenBuild Behavior ::run [ RunTime:0.001015s ]
INFO: WriteHtmlCache Behavior ::run [ RunTime:0.000871s ]
INFO: ShowRuntime Behavior ::run [ RunTime:0.001133s ]
INFO: [ view_filter ] --END-- [ RunTime:0.004433s ]
INFO: [ view_end ] --START--
INFO: ShowPageTrace Behavior ::run [ RunTime:0.001158s ]
INFO: [ view_end ] --END-- [ RunTime:0.001269s ]

[ 2015-05-18T15:29:31+08:00 ] 127.0.0.1 /inforextend/index.php/Index/Index/people.html
INFO: [ route_check ] --START--
INFO: CheckRoute Behavior ::run [ RunTime:0.001549s ]
INFO: [ route_check ] --END-- [ RunTime:0.001712s ]
INFO: [ app_begin ] --START--
INFO: ReadHtmlCache Behavior ::run [ RunTime:0.001322s ]
INFO: [ app_begin ] --END-- [ RunTime:0.001477s ]
SQL: SHOW COLUMNS FROM `my_peopleinfor` [ RunTime:0.007618s ]
SQL: SELECT * FROM `my_peopleinfor` WHERE ( `mark` = 1 )  [ RunTime:0.000521s ]
INFO: [ view_parse ] --START--
INFO: ParseTemplate Behavior ::run [ RunTime:0.016404s ]
INFO: [ view_parse ] --END-- [ RunTime:0.016557s ]
INFO: [ view_filter ] --START--
INFO: ContentReplace Behavior ::run [ RunTime:0.001024s ]
INFO: TokenBuild Behavior ::run [ RunTime:0.000994s ]
INFO: WriteHtmlCache Behavior ::run [ RunTime:0.000930s ]
INFO: ShowRuntime Behavior ::run [ RunTime:0.001144s ]
INFO: [ view_filter ] --END-- [ RunTime:0.004401s ]
INFO: [ view_end ] --START--
INFO: ShowPageTrace Behavior ::run [ RunTime:0.001197s ]
INFO: [ view_end ] --END-- [ RunTime:0.001313s ]

[ 2015-05-18T15:29:34+08:00 ] 127.0.0.1 /inforextend/index.php/Index/Index/index.html
INFO: [ route_check ] --START--
INFO: CheckRoute Behavior ::run [ RunTime:0.001341s ]
INFO: [ route_check ] --END-- [ RunTime:0.001476s ]
INFO: [ app_begin ] --START--
INFO: ReadHtmlCache Behavior ::run [ RunTime:0.001129s ]
INFO: [ app_begin ] --END-- [ RunTime:0.001245s ]
SQL: SHOW COLUMNS FROM `my_show` [ RunTime:0.007095s ]
SQL: SELECT * FROM `my_show` WHERE ( `mark` = 1 )  [ RunTime:0.000354s ]
INFO: [ view_parse ] --START--
INFO: ParseTemplate Behavior ::run [ RunTime:0.013994s ]
INFO: [ view_parse ] --END-- [ RunTime:0.014155s ]
INFO: [ view_filter ] --START--
INFO: ContentReplace Behavior ::run [ RunTime:0.001057s ]
INFO: TokenBuild Behavior ::run [ RunTime:0.001006s ]
INFO: WriteHtmlCache Behavior ::run [ RunTime:0.000874s ]
INFO: ShowRuntime Behavior ::run [ RunTime:0.001091s ]
INFO: [ view_filter ] --END-- [ RunTime:0.004332s ]
INFO: [ view_end ] --START--
INFO: ShowPageTrace Behavior ::run [ RunTime:0.001157s ]
INFO: [ view_end ] --END-- [ RunTime:0.001266s ]

