[ 2015-05-12T09:59:04+08:00 ] 127.0.0.1 /inforextend/index.php/Addhtml/Index/
INFO: [ route_check ] --START--
INFO: CheckRoute Behavior ::run [ RunTime:0.035696s ]
INFO: [ route_check ] --END-- [ RunTime:0.058794s ]
INFO: [ app_begin ] --START--
INFO: ReadHtmlCache Behavior ::run [ RunTime:0.002836s ]
INFO: [ app_begin ] --END-- [ RunTime:0.003110s ]
INFO: [ view_parse ] --START--
INFO: ParseTemplate Behavior ::run [ RunTime:0.135207s ]
INFO: [ view_parse ] --END-- [ RunTime:0.135392s ]
INFO: [ view_filter ] --START--
INFO: ContentReplace Behavior ::run [ RunTime:0.016714s ]
INFO: TokenBuild Behavior ::run [ RunTime:0.013728s ]
INFO: WriteHtmlCache Behavior ::run [ RunTime:0.013884s ]
INFO: ShowRuntime Behavior ::run [ RunTime:0.001875s ]
INFO: [ view_filter ] --END-- [ RunTime:0.046673s ]
INFO: [ view_end ] --START--
INFO: ShowPageTrace Behavior ::run [ RunTime:0.011107s ]
INFO: [ view_end ] --END-- [ RunTime:0.011377s ]

[ 2015-05-12T09:59:09+08:00 ] 127.0.0.1 /inforextend/index.php
INFO: [ app_begin ] --START--
INFO: ReadHtmlCache Behavior ::run [ RunTime:0.001765s ]
INFO: [ app_begin ] --END-- [ RunTime:0.001916s ]
SQL: SHOW COLUMNS FROM `my_show` [ RunTime:0.141416s ]
SQL: SELECT * FROM `my_show` WHERE ( `mark` = 1 )  [ RunTime:0.045162s ]
INFO: [ view_parse ] --START--
NOTIC: [8] Undefined variable: show C:\wampconfile\wamp\www\inforextend\Runtime\Cache\Index\afb2426c97413ab415fb3eb793b642e8.php 第 103 行.
INFO: ParseTemplate Behavior ::run [ RunTime:0.118875s ]
INFO: [ view_parse ] --END-- [ RunTime:0.119096s ]
INFO: [ view_filter ] --START--
INFO: ContentReplace Behavior ::run [ RunTime:0.001466s ]
INFO: TokenBuild Behavior ::run [ RunTime:0.002003s ]
INFO: WriteHtmlCache Behavior ::run [ RunTime:0.001526s ]
INFO: ShowRuntime Behavior ::run [ RunTime:0.002320s ]
INFO: [ view_filter ] --END-- [ RunTime:0.007915s ]
INFO: [ view_end ] --START--
INFO: ShowPageTrace Behavior ::run [ RunTime:0.002463s ]
INFO: [ view_end ] --END-- [ RunTime:0.002725s ]

