[ 2015-05-14T13:46:43+08:00 ] 127.0.0.1 /inforextend/
INFO: [ app_begin ] --START--
INFO: ReadHtmlCache Behavior ::run [ RunTime:0.040176s ]
INFO: [ app_begin ] --END-- [ RunTime:0.051996s ]
SQL: SHOW COLUMNS FROM `my_show` [ RunTime:0.847590s ]
SQL: SELECT * FROM `my_show` WHERE ( `mark` = 1 )  [ RunTime:0.164051s ]
INFO: [ view_parse ] --START--
INFO: ParseTemplate Behavior ::run [ RunTime:0.231767s ]
INFO: [ view_parse ] --END-- [ RunTime:0.232104s ]
INFO: [ view_filter ] --START--
INFO: ContentReplace Behavior ::run [ RunTime:0.018954s ]
INFO: TokenBuild Behavior ::run [ RunTime:0.068618s ]
INFO: WriteHtmlCache Behavior ::run [ RunTime:0.014012s ]
INFO: ShowRuntime Behavior ::run [ RunTime:0.005632s ]
INFO: [ view_filter ] --END-- [ RunTime:0.108105s ]
INFO: [ view_end ] --START--
INFO: ShowPageTrace Behavior ::run [ RunTime:0.017585s ]
INFO: [ view_end ] --END-- [ RunTime:0.017913s ]

[ 2015-05-14T15:32:13+08:00 ] 127.0.0.1 /inforextend/
INFO: [ app_begin ] --START--
INFO: ReadHtmlCache Behavior ::run [ RunTime:0.018987s ]
INFO: [ app_begin ] --END-- [ RunTime:0.019230s ]
SQL: SHOW COLUMNS FROM `my_show` [ RunTime:0.051006s ]
SQL: SELECT * FROM `my_show` WHERE ( `mark` = 1 )  [ RunTime:0.000497s ]
INFO: [ view_parse ] --START--
INFO: ParseTemplate Behavior ::run [ RunTime:0.085420s ]
INFO: [ view_parse ] --END-- [ RunTime:0.085635s ]
INFO: [ view_filter ] --START--
INFO: ContentReplace Behavior ::run [ RunTime:0.010775s ]
INFO: TokenBuild Behavior ::run [ RunTime:0.013575s ]
INFO: WriteHtmlCache Behavior ::run [ RunTime:0.014070s ]
INFO: ShowRuntime Behavior ::run [ RunTime:0.051737s ]
INFO: [ view_filter ] --END-- [ RunTime:0.090654s ]
INFO: [ view_end ] --START--
INFO: ShowPageTrace Behavior ::run [ RunTime:0.059712s ]
INFO: [ view_end ] --END-- [ RunTime:0.059910s ]

[ 2015-05-14T18:54:15+08:00 ] 127.0.0.1 /inforextend/
INFO: [ app_begin ] --START--
INFO: ReadHtmlCache Behavior ::run [ RunTime:0.041201s ]
INFO: [ app_begin ] --END-- [ RunTime:0.193382s ]
SQL: SHOW COLUMNS FROM `my_show` [ RunTime:0.734195s ]
SQL: SELECT * FROM `my_show` WHERE ( `mark` = 1 )  [ RunTime:0.511892s ]
INFO: [ view_parse ] --START--
INFO: ParseTemplate Behavior ::run [ RunTime:0.104849s ]
INFO: [ view_parse ] --END-- [ RunTime:0.105003s ]
INFO: [ view_filter ] --START--
INFO: ContentReplace Behavior ::run [ RunTime:0.015786s ]
INFO: TokenBuild Behavior ::run [ RunTime:0.013449s ]
INFO: WriteHtmlCache Behavior ::run [ RunTime:0.014265s ]
INFO: ShowRuntime Behavior ::run [ RunTime:0.001700s ]
INFO: [ view_filter ] --END-- [ RunTime:0.045775s ]
INFO: [ view_end ] --START--
INFO: ShowPageTrace Behavior ::run [ RunTime:0.001576s ]
INFO: [ view_end ] --END-- [ RunTime:0.001684s ]

[ 2015-05-14T19:19:35+08:00 ] 127.0.0.1 /inforextend/
INFO: [ app_begin ] --START--
INFO: ReadHtmlCache Behavior ::run [ RunTime:0.002319s ]
INFO: [ app_begin ] --END-- [ RunTime:0.002617s ]
SQL: SHOW COLUMNS FROM `my_show` [ RunTime:0.015273s ]
SQL: SELECT * FROM `my_show` WHERE ( `mark` = 1 )  [ RunTime:0.000397s ]
INFO: [ view_parse ] --START--
INFO: ParseTemplate Behavior ::run [ RunTime:0.015682s ]
INFO: [ view_parse ] --END-- [ RunTime:0.015840s ]
INFO: [ view_filter ] --START--
INFO: ContentReplace Behavior ::run [ RunTime:0.001484s ]
INFO: TokenBuild Behavior ::run [ RunTime:0.001397s ]
INFO: WriteHtmlCache Behavior ::run [ RunTime:0.001262s ]
INFO: ShowRuntime Behavior ::run [ RunTime:0.001507s ]
INFO: [ view_filter ] --END-- [ RunTime:0.005967s ]
INFO: [ view_end ] --START--
INFO: ShowPageTrace Behavior ::run [ RunTime:0.001789s ]
INFO: [ view_end ] --END-- [ RunTime:0.001942s ]

[ 2015-05-14T19:22:35+08:00 ] 127.0.0.1 /inforextend/index.php/Addhtml/Index/
INFO: [ route_check ] --START--
INFO: CheckRoute Behavior ::run [ RunTime:0.014703s ]
INFO: [ route_check ] --END-- [ RunTime:0.014890s ]
INFO: [ app_begin ] --START--
INFO: ReadHtmlCache Behavior ::run [ RunTime:0.001544s ]
INFO: [ app_begin ] --END-- [ RunTime:0.001747s ]
INFO: [ view_parse ] --START--
INFO: ParseTemplate Behavior ::run [ RunTime:0.050234s ]
INFO: [ view_parse ] --END-- [ RunTime:0.050395s ]
INFO: [ view_filter ] --START--
INFO: ContentReplace Behavior ::run [ RunTime:0.001295s ]
INFO: TokenBuild Behavior ::run [ RunTime:0.001331s ]
INFO: WriteHtmlCache Behavior ::run [ RunTime:0.001367s ]
INFO: ShowRuntime Behavior ::run [ RunTime:0.001414s ]
INFO: [ view_filter ] --END-- [ RunTime:0.005840s ]
INFO: [ view_end ] --START--
INFO: ShowPageTrace Behavior ::run [ RunTime:0.001419s ]
INFO: [ view_end ] --END-- [ RunTime:0.001527s ]

[ 2015-05-14T19:23:02+08:00 ] 127.0.0.1 /inforextend/
INFO: [ app_begin ] --START--
INFO: ReadHtmlCache Behavior ::run [ RunTime:0.001489s ]
INFO: [ app_begin ] --END-- [ RunTime:0.001653s ]
SQL: SHOW COLUMNS FROM `my_show` [ RunTime:0.006853s ]
SQL: SELECT * FROM `my_show` WHERE ( `mark` = 1 )  [ RunTime:0.000528s ]
INFO: [ view_parse ] --START--
INFO: ParseTemplate Behavior ::run [ RunTime:0.014674s ]
INFO: [ view_parse ] --END-- [ RunTime:0.014845s ]
INFO: [ view_filter ] --START--
INFO: ContentReplace Behavior ::run [ RunTime:0.001103s ]
INFO: TokenBuild Behavior ::run [ RunTime:0.001074s ]
INFO: WriteHtmlCache Behavior ::run [ RunTime:0.000879s ]
INFO: ShowRuntime Behavior ::run [ RunTime:0.001184s ]
INFO: [ view_filter ] --END-- [ RunTime:0.004613s ]
INFO: [ view_end ] --START--
INFO: ShowPageTrace Behavior ::run [ RunTime:0.001229s ]
INFO: [ view_end ] --END-- [ RunTime:0.001380s ]

[ 2015-05-14T19:23:04+08:00 ] 127.0.0.1 /inforextend/index.php/Index/Addhtml/Index/
INFO: [ route_check ] --START--
INFO: CheckRoute Behavior ::run [ RunTime:0.001317s ]
INFO: [ route_check ] --END-- [ RunTime:0.001464s ]
INFO: [ app_begin ] --START--
INFO: ReadHtmlCache Behavior ::run [ RunTime:0.001136s ]
INFO: [ app_begin ] --END-- [ RunTime:0.001258s ]
ERR: 无法加载模块:Addhtml

[ 2015-05-14T19:23:32+08:00 ] 127.0.0.1 /inforextend/
INFO: [ app_begin ] --START--
INFO: ReadHtmlCache Behavior ::run [ RunTime:0.001813s ]
INFO: [ app_begin ] --END-- [ RunTime:0.001968s ]
SQL: SHOW COLUMNS FROM `my_show` [ RunTime:0.007362s ]
SQL: SELECT * FROM `my_show` WHERE ( `mark` = 1 )  [ RunTime:0.000458s ]
INFO: [ view_parse ] --START--
INFO: ParseTemplate Behavior ::run [ RunTime:0.017168s ]
INFO: [ view_parse ] --END-- [ RunTime:0.017393s ]
INFO: [ view_filter ] --START--
INFO: ContentReplace Behavior ::run [ RunTime:0.001368s ]
INFO: TokenBuild Behavior ::run [ RunTime:0.001292s ]
INFO: WriteHtmlCache Behavior ::run [ RunTime:0.001141s ]
INFO: ShowRuntime Behavior ::run [ RunTime:0.001379s ]
INFO: [ view_filter ] --END-- [ RunTime:0.005550s ]
INFO: [ view_end ] --START--
INFO: ShowPageTrace Behavior ::run [ RunTime:0.001413s ]
INFO: [ view_end ] --END-- [ RunTime:0.001534s ]

[ 2015-05-14T19:23:34+08:00 ] 127.0.0.1 /inforextend/index.php/Addhtml/Index/
INFO: [ route_check ] --START--
INFO: CheckRoute Behavior ::run [ RunTime:0.002400s ]
INFO: [ route_check ] --END-- [ RunTime:0.002565s ]
INFO: [ app_begin ] --START--
INFO: ReadHtmlCache Behavior ::run [ RunTime:0.001583s ]
INFO: [ app_begin ] --END-- [ RunTime:0.001717s ]
INFO: [ view_parse ] --START--
INFO: ParseTemplate Behavior ::run [ RunTime:0.012161s ]
INFO: [ view_parse ] --END-- [ RunTime:0.012315s ]
INFO: [ view_filter ] --START--
INFO: ContentReplace Behavior ::run [ RunTime:0.000990s ]
INFO: TokenBuild Behavior ::run [ RunTime:0.001010s ]
INFO: WriteHtmlCache Behavior ::run [ RunTime:0.000862s ]
INFO: ShowRuntime Behavior ::run [ RunTime:0.001082s ]
INFO: [ view_filter ] --END-- [ RunTime:0.004269s ]
INFO: [ view_end ] --START--
INFO: ShowPageTrace Behavior ::run [ RunTime:0.001160s ]
INFO: [ view_end ] --END-- [ RunTime:0.001275s ]

[ 2015-05-14T19:24:12+08:00 ] 127.0.0.1 /inforextend/
INFO: [ app_begin ] --START--
INFO: ReadHtmlCache Behavior ::run [ RunTime:0.001793s ]
INFO: [ app_begin ] --END-- [ RunTime:0.001936s ]
SQL: SHOW COLUMNS FROM `my_show` [ RunTime:0.006469s ]
SQL: SELECT * FROM `my_show` WHERE ( `mark` = 1 )  [ RunTime:0.000378s ]
INFO: [ view_parse ] --START--
INFO: ParseTemplate Behavior ::run [ RunTime:0.016598s ]
INFO: [ view_parse ] --END-- [ RunTime:0.016763s ]
INFO: [ view_filter ] --START--
INFO: ContentReplace Behavior ::run [ RunTime:0.001596s ]
INFO: TokenBuild Behavior ::run [ RunTime:0.001329s ]
INFO: WriteHtmlCache Behavior ::run [ RunTime:0.001146s ]
INFO: ShowRuntime Behavior ::run [ RunTime:0.002081s ]
INFO: [ view_filter ] --END-- [ RunTime:0.006552s ]
INFO: [ view_end ] --START--
INFO: ShowPageTrace Behavior ::run [ RunTime:0.001512s ]
INFO: [ view_end ] --END-- [ RunTime:0.001645s ]

[ 2015-05-14T19:24:38+08:00 ] 127.0.0.1 /inforextend/
INFO: [ app_begin ] --START--
INFO: ReadHtmlCache Behavior ::run [ RunTime:0.001581s ]
INFO: [ app_begin ] --END-- [ RunTime:0.001739s ]
SQL: SHOW COLUMNS FROM `my_show` [ RunTime:0.007134s ]
SQL: SELECT * FROM `my_show` WHERE ( `mark` = 1 )  [ RunTime:0.000450s ]
INFO: [ view_parse ] --START--
INFO: ParseTemplate Behavior ::run [ RunTime:0.022101s ]
INFO: [ view_parse ] --END-- [ RunTime:0.022287s ]
INFO: [ view_filter ] --START--
INFO: ContentReplace Behavior ::run [ RunTime:0.001401s ]
INFO: TokenBuild Behavior ::run [ RunTime:0.002256s ]
INFO: WriteHtmlCache Behavior ::run [ RunTime:0.002688s ]
INFO: ShowRuntime Behavior ::run [ RunTime:0.002001s ]
INFO: [ view_filter ] --END-- [ RunTime:0.008923s ]
INFO: [ view_end ] --START--
INFO: ShowPageTrace Behavior ::run [ RunTime:0.001409s ]
INFO: [ view_end ] --END-- [ RunTime:0.001539s ]

[ 2015-05-14T19:24:58+08:00 ] 127.0.0.1 /inforextend/
INFO: [ app_begin ] --START--
INFO: ReadHtmlCache Behavior ::run [ RunTime:0.002289s ]
INFO: [ app_begin ] --END-- [ RunTime:0.002550s ]
SQL: SHOW COLUMNS FROM `my_show` [ RunTime:0.008149s ]
SQL: SELECT * FROM `my_show` WHERE ( `mark` = 1 )  [ RunTime:0.000612s ]
INFO: [ view_parse ] --START--
INFO: ParseTemplate Behavior ::run [ RunTime:0.015085s ]
INFO: [ view_parse ] --END-- [ RunTime:0.015247s ]
INFO: [ view_filter ] --START--
INFO: ContentReplace Behavior ::run [ RunTime:0.001204s ]
INFO: TokenBuild Behavior ::run [ RunTime:0.001437s ]
INFO: WriteHtmlCache Behavior ::run [ RunTime:0.001018s ]
INFO: ShowRuntime Behavior ::run [ RunTime:0.001118s ]
INFO: [ view_filter ] --END-- [ RunTime:0.005156s ]
INFO: [ view_end ] --START--
INFO: ShowPageTrace Behavior ::run [ RunTime:0.001156s ]
INFO: [ view_end ] --END-- [ RunTime:0.001270s ]

[ 2015-05-14T19:25:02+08:00 ] 127.0.0.1 /inforextend/
INFO: [ app_begin ] --START--
INFO: ReadHtmlCache Behavior ::run [ RunTime:0.001652s ]
INFO: [ app_begin ] --END-- [ RunTime:0.001801s ]
SQL: SHOW COLUMNS FROM `my_show` [ RunTime:0.009905s ]
SQL: SELECT * FROM `my_show` WHERE ( `mark` = 1 )  [ RunTime:0.000373s ]
INFO: [ view_parse ] --START--
INFO: ParseTemplate Behavior ::run [ RunTime:0.017453s ]
INFO: [ view_parse ] --END-- [ RunTime:0.017632s ]
INFO: [ view_filter ] --START--
INFO: ContentReplace Behavior ::run [ RunTime:0.001382s ]
INFO: TokenBuild Behavior ::run [ RunTime:0.001257s ]
INFO: WriteHtmlCache Behavior ::run [ RunTime:0.001079s ]
INFO: ShowRuntime Behavior ::run [ RunTime:0.001648s ]
INFO: [ view_filter ] --END-- [ RunTime:0.005695s ]
INFO: [ view_end ] --START--
INFO: ShowPageTrace Behavior ::run [ RunTime:0.002497s ]
INFO: [ view_end ] --END-- [ RunTime:0.002637s ]

[ 2015-05-14T19:25:34+08:00 ] 127.0.0.1 /inforextend/
INFO: [ app_begin ] --START--
INFO: ReadHtmlCache Behavior ::run [ RunTime:0.001740s ]
INFO: [ app_begin ] --END-- [ RunTime:0.001883s ]
SQL: SHOW COLUMNS FROM `my_show` [ RunTime:0.006846s ]
SQL: SELECT * FROM `my_show` WHERE ( `mark` = 1 )  [ RunTime:0.000449s ]
INFO: [ view_parse ] --START--
INFO: ParseTemplate Behavior ::run [ RunTime:0.014474s ]
INFO: [ view_parse ] --END-- [ RunTime:0.014628s ]
INFO: [ view_filter ] --START--
INFO: ContentReplace Behavior ::run [ RunTime:0.001302s ]
INFO: TokenBuild Behavior ::run [ RunTime:0.001030s ]
INFO: WriteHtmlCache Behavior ::run [ RunTime:0.000886s ]
INFO: ShowRuntime Behavior ::run [ RunTime:0.001438s ]
INFO: [ view_filter ] --END-- [ RunTime:0.005008s ]
INFO: [ view_end ] --START--
INFO: ShowPageTrace Behavior ::run [ RunTime:0.001505s ]
INFO: [ view_end ] --END-- [ RunTime:0.001691s ]

[ 2015-05-14T19:25:35+08:00 ] 127.0.0.1 /inforextend/
INFO: [ app_begin ] --START--
INFO: ReadHtmlCache Behavior ::run [ RunTime:0.000992s ]
INFO: [ app_begin ] --END-- [ RunTime:0.001161s ]
SQL: SHOW COLUMNS FROM `my_show` [ RunTime:0.005967s ]
SQL: SELECT * FROM `my_show` WHERE ( `mark` = 1 )  [ RunTime:0.000374s ]
INFO: [ view_parse ] --START--
INFO: ParseTemplate Behavior ::run [ RunTime:0.012826s ]
INFO: [ view_parse ] --END-- [ RunTime:0.012972s ]
INFO: [ view_filter ] --START--
INFO: ContentReplace Behavior ::run [ RunTime:0.001226s ]
INFO: TokenBuild Behavior ::run [ RunTime:0.000819s ]
INFO: WriteHtmlCache Behavior ::run [ RunTime:0.000663s ]
INFO: ShowRuntime Behavior ::run [ RunTime:0.000916s ]
INFO: [ view_filter ] --END-- [ RunTime:0.003955s ]
INFO: [ view_end ] --START--
INFO: ShowPageTrace Behavior ::run [ RunTime:0.001143s ]
INFO: [ view_end ] --END-- [ RunTime:0.001277s ]

[ 2015-05-14T19:25:54+08:00 ] 127.0.0.1 /inforextend/
INFO: [ app_begin ] --START--
INFO: ReadHtmlCache Behavior ::run [ RunTime:0.002973s ]
INFO: [ app_begin ] --END-- [ RunTime:0.003265s ]
SQL: SHOW COLUMNS FROM `my_show` [ RunTime:0.006455s ]
SQL: SELECT * FROM `my_show` WHERE ( `mark` = 1 )  [ RunTime:0.000529s ]
INFO: [ view_parse ] --START--
INFO: ParseTemplate Behavior ::run [ RunTime:0.014290s ]
INFO: [ view_parse ] --END-- [ RunTime:0.014484s ]
INFO: [ view_filter ] --START--
INFO: ContentReplace Behavior ::run [ RunTime:0.001132s ]
INFO: TokenBuild Behavior ::run [ RunTime:0.001023s ]
INFO: WriteHtmlCache Behavior ::run [ RunTime:0.000929s ]
INFO: ShowRuntime Behavior ::run [ RunTime:0.001137s ]
INFO: [ view_filter ] --END-- [ RunTime:0.004583s ]
INFO: [ view_end ] --START--
INFO: ShowPageTrace Behavior ::run [ RunTime:0.001282s ]
INFO: [ view_end ] --END-- [ RunTime:0.001430s ]

[ 2015-05-14T19:27:03+08:00 ] 127.0.0.1 /inforextend/
INFO: [ app_begin ] --START--
INFO: ReadHtmlCache Behavior ::run [ RunTime:0.001085s ]
INFO: [ app_begin ] --END-- [ RunTime:0.001276s ]
SQL: SHOW COLUMNS FROM `my_show` [ RunTime:0.035932s ]
SQL: SELECT * FROM `my_show` WHERE ( `mark` = 1 )  [ RunTime:0.000463s ]
INFO: [ view_parse ] --START--
INFO: ParseTemplate Behavior ::run [ RunTime:0.015077s ]
INFO: [ view_parse ] --END-- [ RunTime:0.015238s ]
INFO: [ view_filter ] --START--
INFO: ContentReplace Behavior ::run [ RunTime:0.001317s ]
INFO: TokenBuild Behavior ::run [ RunTime:0.001202s ]
INFO: WriteHtmlCache Behavior ::run [ RunTime:0.000945s ]
INFO: ShowRuntime Behavior ::run [ RunTime:0.001169s ]
INFO: [ view_filter ] --END-- [ RunTime:0.004974s ]
INFO: [ view_end ] --START--
INFO: ShowPageTrace Behavior ::run [ RunTime:0.001300s ]
INFO: [ view_end ] --END-- [ RunTime:0.001417s ]

[ 2015-05-14T19:27:04+08:00 ] 127.0.0.1 /inforextend/
INFO: [ app_begin ] --START--
INFO: ReadHtmlCache Behavior ::run [ RunTime:0.002030s ]
INFO: [ app_begin ] --END-- [ RunTime:0.002182s ]
SQL: SHOW COLUMNS FROM `my_show` [ RunTime:0.006797s ]
SQL: SELECT * FROM `my_show` WHERE ( `mark` = 1 )  [ RunTime:0.000467s ]
INFO: [ view_parse ] --START--
INFO: ParseTemplate Behavior ::run [ RunTime:0.015239s ]
INFO: [ view_parse ] --END-- [ RunTime:0.015405s ]
INFO: [ view_filter ] --START--
INFO: ContentReplace Behavior ::run [ RunTime:0.001698s ]
INFO: TokenBuild Behavior ::run [ RunTime:0.001470s ]
INFO: WriteHtmlCache Behavior ::run [ RunTime:0.000937s ]
INFO: ShowRuntime Behavior ::run [ RunTime:0.001163s ]
INFO: [ view_filter ] --END-- [ RunTime:0.005652s ]
INFO: [ view_end ] --START--
INFO: ShowPageTrace Behavior ::run [ RunTime:0.001398s ]
INFO: [ view_end ] --END-- [ RunTime:0.001527s ]

[ 2015-05-14T19:27:06+08:00 ] 127.0.0.1 /inforextend/
INFO: [ app_begin ] --START--
INFO: ReadHtmlCache Behavior ::run [ RunTime:0.001322s ]
INFO: [ app_begin ] --END-- [ RunTime:0.001477s ]
SQL: SHOW COLUMNS FROM `my_show` [ RunTime:0.007253s ]
SQL: SELECT * FROM `my_show` WHERE ( `mark` = 1 )  [ RunTime:0.000391s ]
INFO: [ view_parse ] --START--
INFO: ParseTemplate Behavior ::run [ RunTime:0.012282s ]
INFO: [ view_parse ] --END-- [ RunTime:0.012433s ]
INFO: [ view_filter ] --START--
INFO: ContentReplace Behavior ::run [ RunTime:0.001032s ]
INFO: TokenBuild Behavior ::run [ RunTime:0.001006s ]
INFO: WriteHtmlCache Behavior ::run [ RunTime:0.000694s ]
INFO: ShowRuntime Behavior ::run [ RunTime:0.000931s ]
INFO: [ view_filter ] --END-- [ RunTime:0.004017s ]
INFO: [ view_end ] --START--
INFO: ShowPageTrace Behavior ::run [ RunTime:0.000993s ]
INFO: [ view_end ] --END-- [ RunTime:0.001107s ]

[ 2015-05-14T19:27:07+08:00 ] 127.0.0.1 /inforextend/
INFO: [ app_begin ] --START--
INFO: ReadHtmlCache Behavior ::run [ RunTime:0.002641s ]
INFO: [ app_begin ] --END-- [ RunTime:0.002906s ]
SQL: SHOW COLUMNS FROM `my_show` [ RunTime:0.006025s ]
SQL: SELECT * FROM `my_show` WHERE ( `mark` = 1 )  [ RunTime:0.000433s ]
INFO: [ view_parse ] --START--
INFO: ParseTemplate Behavior ::run [ RunTime:0.014191s ]
INFO: [ view_parse ] --END-- [ RunTime:0.014362s ]
INFO: [ view_filter ] --START--
INFO: ContentReplace Behavior ::run [ RunTime:0.001473s ]
INFO: TokenBuild Behavior ::run [ RunTime:0.001080s ]
INFO: WriteHtmlCache Behavior ::run [ RunTime:0.000853s ]
INFO: ShowRuntime Behavior ::run [ RunTime:0.001118s ]
INFO: [ view_filter ] --END-- [ RunTime:0.004862s ]
INFO: [ view_end ] --START--
INFO: ShowPageTrace Behavior ::run [ RunTime:0.001216s ]
INFO: [ view_end ] --END-- [ RunTime:0.001324s ]

[ 2015-05-14T19:27:09+08:00 ] 127.0.0.1 /inforextend/
INFO: [ app_begin ] --START--
INFO: ReadHtmlCache Behavior ::run [ RunTime:0.001922s ]
INFO: [ app_begin ] --END-- [ RunTime:0.002133s ]
SQL: SHOW COLUMNS FROM `my_show` [ RunTime:0.006611s ]
SQL: SELECT * FROM `my_show` WHERE ( `mark` = 1 )  [ RunTime:0.000587s ]
INFO: [ view_parse ] --START--
INFO: ParseTemplate Behavior ::run [ RunTime:0.015993s ]
INFO: [ view_parse ] --END-- [ RunTime:0.016139s ]
INFO: [ view_filter ] --START--
INFO: ContentReplace Behavior ::run [ RunTime:0.001102s ]
INFO: TokenBuild Behavior ::run [ RunTime:0.001669s ]
INFO: WriteHtmlCache Behavior ::run [ RunTime:0.001067s ]
INFO: ShowRuntime Behavior ::run [ RunTime:0.001209s ]
INFO: [ view_filter ] --END-- [ RunTime:0.005431s ]
INFO: [ view_end ] --START--
INFO: ShowPageTrace Behavior ::run [ RunTime:0.001262s ]
INFO: [ view_end ] --END-- [ RunTime:0.001385s ]

