[ 2015-05-13T21:13:18+08:00 ] 127.0.0.1 /inforextend/
INFO: [ app_begin ] --START--
INFO: ReadHtmlCache Behavior ::run [ RunTime:0.025397s ]
INFO: [ app_begin ] --END-- [ RunTime:0.064098s ]
SQL: SHOW COLUMNS FROM `my_show` [ RunTime:0.814196s ]
SQL: SELECT * FROM `my_show` WHERE ( `mark` = 1 )  [ RunTime:0.038448s ]
INFO: [ view_parse ] --START--
NOTIC: [8] Undefined variable: show C:\wampconfile\wamp\www\inforextend\Runtime\Cache\Index\afb2426c97413ab415fb3eb793b642e8.php 第 103 行.
INFO: ParseTemplate Behavior ::run [ RunTime:0.244223s ]
INFO: [ view_parse ] --END-- [ RunTime:0.244879s ]
INFO: [ view_filter ] --START--
INFO: ContentReplace Behavior ::run [ RunTime:0.013961s ]
INFO: TokenBuild Behavior ::run [ RunTime:0.013288s ]
INFO: WriteHtmlCache Behavior ::run [ RunTime:0.014580s ]
INFO: ShowRuntime Behavior ::run [ RunTime:0.002756s ]
INFO: [ view_filter ] --END-- [ RunTime:0.045338s ]
INFO: [ view_end ] --START--
INFO: ShowPageTrace Behavior ::run [ RunTime:0.019440s ]
INFO: [ view_end ] --END-- [ RunTime:0.019642s ]

[ 2015-05-13T21:30:46+08:00 ] 127.0.0.1 /inforextend/
INFO: [ app_begin ] --START--
INFO: ReadHtmlCache Behavior ::run [ RunTime:0.002653s ]
INFO: [ app_begin ] --END-- [ RunTime:0.002948s ]
SQL: SHOW COLUMNS FROM `my_show` [ RunTime:0.007715s ]
SQL: SELECT * FROM `my_show` WHERE ( `mark` = 1 )  [ RunTime:0.000473s ]
INFO: [ view_parse ] --START--
NOTIC: [8] Undefined variable: show C:\wampconfile\wamp\www\inforextend\Runtime\Cache\Index\afb2426c97413ab415fb3eb793b642e8.php 第 101 行.
INFO: ParseTemplate Behavior ::run [ RunTime:0.023967s ]
INFO: [ view_parse ] --END-- [ RunTime:0.024145s ]
INFO: [ view_filter ] --START--
INFO: ContentReplace Behavior ::run [ RunTime:0.002519s ]
INFO: TokenBuild Behavior ::run [ RunTime:0.001935s ]
INFO: WriteHtmlCache Behavior ::run [ RunTime:0.001116s ]
INFO: ShowRuntime Behavior ::run [ RunTime:0.001344s ]
INFO: [ view_filter ] --END-- [ RunTime:0.007548s ]
INFO: [ view_end ] --START--
INFO: ShowPageTrace Behavior ::run [ RunTime:0.001418s ]
INFO: [ view_end ] --END-- [ RunTime:0.001548s ]

[ 2015-05-13T21:38:50+08:00 ] 127.0.0.1 /inforextend/
INFO: [ app_begin ] --START--
INFO: ReadHtmlCache Behavior ::run [ RunTime:0.003392s ]
INFO: [ app_begin ] --END-- [ RunTime:0.003600s ]
SQL: SHOW COLUMNS FROM `my_show` [ RunTime:0.009018s ]
SQL: SELECT * FROM `my_show` WHERE ( `mark` = 1 )  [ RunTime:0.000568s ]
INFO: [ view_parse ] --START--
INFO: ParseTemplate Behavior ::run [ RunTime:0.018481s ]
INFO: [ view_parse ] --END-- [ RunTime:0.018680s ]
INFO: [ view_filter ] --START--
INFO: ContentReplace Behavior ::run [ RunTime:0.001939s ]
INFO: TokenBuild Behavior ::run [ RunTime:0.002082s ]
INFO: WriteHtmlCache Behavior ::run [ RunTime:0.001095s ]
INFO: ShowRuntime Behavior ::run [ RunTime:0.001364s ]
INFO: [ view_filter ] --END-- [ RunTime:0.006894s ]
INFO: [ view_end ] --START--
INFO: ShowPageTrace Behavior ::run [ RunTime:0.001775s ]
INFO: [ view_end ] --END-- [ RunTime:0.001950s ]

[ 2015-05-13T21:39:06+08:00 ] 127.0.0.1 /inforextend/
INFO: [ app_begin ] --START--
INFO: ReadHtmlCache Behavior ::run [ RunTime:0.001851s ]
INFO: [ app_begin ] --END-- [ RunTime:0.001994s ]
SQL: SHOW COLUMNS FROM `my_show` [ RunTime:0.010475s ]
SQL: SELECT * FROM `my_show` WHERE ( `mark` = 1 )  [ RunTime:0.000505s ]
INFO: [ view_parse ] --START--
INFO: ParseTemplate Behavior ::run [ RunTime:0.020256s ]
INFO: [ view_parse ] --END-- [ RunTime:0.020423s ]
INFO: [ view_filter ] --START--
INFO: ContentReplace Behavior ::run [ RunTime:0.001961s ]
INFO: TokenBuild Behavior ::run [ RunTime:0.002661s ]
INFO: WriteHtmlCache Behavior ::run [ RunTime:0.001882s ]
INFO: ShowRuntime Behavior ::run [ RunTime:0.001639s ]
INFO: [ view_filter ] --END-- [ RunTime:0.008622s ]
INFO: [ view_end ] --START--
INFO: ShowPageTrace Behavior ::run [ RunTime:0.001513s ]
INFO: [ view_end ] --END-- [ RunTime:0.001642s ]

[ 2015-05-13T21:39:11+08:00 ] 127.0.0.1 /inforextend/
INFO: [ app_begin ] --START--
INFO: ReadHtmlCache Behavior ::run [ RunTime:0.001713s ]
INFO: [ app_begin ] --END-- [ RunTime:0.001853s ]
SQL: SHOW COLUMNS FROM `my_show` [ RunTime:0.008411s ]
SQL: SELECT * FROM `my_show` WHERE ( `mark` = 1 )  [ RunTime:0.000439s ]
INFO: [ view_parse ] --START--
INFO: ParseTemplate Behavior ::run [ RunTime:0.066206s ]
INFO: [ view_parse ] --END-- [ RunTime:0.066548s ]
INFO: [ view_filter ] --START--
INFO: ContentReplace Behavior ::run [ RunTime:0.002134s ]
INFO: TokenBuild Behavior ::run [ RunTime:0.001789s ]
INFO: WriteHtmlCache Behavior ::run [ RunTime:0.001854s ]
INFO: ShowRuntime Behavior ::run [ RunTime:0.001420s ]
INFO: [ view_filter ] --END-- [ RunTime:0.007634s ]
INFO: [ view_end ] --START--
INFO: ShowPageTrace Behavior ::run [ RunTime:0.001991s ]
INFO: [ view_end ] --END-- [ RunTime:0.002231s ]

[ 2015-05-13T21:39:13+08:00 ] 127.0.0.1 /inforextend/
INFO: [ app_begin ] --START--
INFO: ReadHtmlCache Behavior ::run [ RunTime:0.001750s ]
INFO: [ app_begin ] --END-- [ RunTime:0.001976s ]
SQL: SHOW COLUMNS FROM `my_show` [ RunTime:0.007886s ]
SQL: SELECT * FROM `my_show` WHERE ( `mark` = 1 )  [ RunTime:0.000423s ]
INFO: [ view_parse ] --START--
INFO: ParseTemplate Behavior ::run [ RunTime:0.016396s ]
INFO: [ view_parse ] --END-- [ RunTime:0.016563s ]
INFO: [ view_filter ] --START--
INFO: ContentReplace Behavior ::run [ RunTime:0.001715s ]
INFO: TokenBuild Behavior ::run [ RunTime:0.001250s ]
INFO: WriteHtmlCache Behavior ::run [ RunTime:0.000863s ]
INFO: ShowRuntime Behavior ::run [ RunTime:0.001707s ]
INFO: [ view_filter ] --END-- [ RunTime:0.005940s ]
INFO: [ view_end ] --START--
INFO: ShowPageTrace Behavior ::run [ RunTime:0.001896s ]
INFO: [ view_end ] --END-- [ RunTime:0.002071s ]

[ 2015-05-13T21:40:42+08:00 ] 127.0.0.1 /inforextend/
INFO: [ app_begin ] --START--
INFO: ReadHtmlCache Behavior ::run [ RunTime:0.004079s ]
INFO: [ app_begin ] --END-- [ RunTime:0.004372s ]
SQL: SHOW COLUMNS FROM `my_show` [ RunTime:0.006263s ]
SQL: SELECT * FROM `my_show` WHERE ( `mark` = 1 )  [ RunTime:0.000374s ]
INFO: [ view_parse ] --START--
NOTIC: [8] Undefined variable: show C:\wampconfile\wamp\www\inforextend\Runtime\Cache\Index\afb2426c97413ab415fb3eb793b642e8.php 第 103 行.
INFO: ParseTemplate Behavior ::run [ RunTime:0.023346s ]
INFO: [ view_parse ] --END-- [ RunTime:0.023532s ]
INFO: [ view_filter ] --START--
INFO: ContentReplace Behavior ::run [ RunTime:0.001787s ]
INFO: TokenBuild Behavior ::run [ RunTime:0.001824s ]
INFO: WriteHtmlCache Behavior ::run [ RunTime:0.001816s ]
INFO: ShowRuntime Behavior ::run [ RunTime:0.001868s ]
INFO: [ view_filter ] --END-- [ RunTime:0.007855s ]
INFO: [ view_end ] --START--
INFO: ShowPageTrace Behavior ::run [ RunTime:0.001508s ]
INFO: [ view_end ] --END-- [ RunTime:0.001648s ]

[ 2015-05-13T21:40:44+08:00 ] 127.0.0.1 /inforextend/
INFO: [ app_begin ] --START--
INFO: ReadHtmlCache Behavior ::run [ RunTime:0.002921s ]
INFO: [ app_begin ] --END-- [ RunTime:0.003126s ]
SQL: SHOW COLUMNS FROM `my_show` [ RunTime:0.010598s ]
SQL: SELECT * FROM `my_show` WHERE ( `mark` = 1 )  [ RunTime:0.000472s ]
INFO: [ view_parse ] --START--
NOTIC: [8] Undefined variable: show C:\wampconfile\wamp\www\inforextend\Runtime\Cache\Index\afb2426c97413ab415fb3eb793b642e8.php 第 103 行.
INFO: ParseTemplate Behavior ::run [ RunTime:0.021518s ]
INFO: [ view_parse ] --END-- [ RunTime:0.021693s ]
INFO: [ view_filter ] --START--
INFO: ContentReplace Behavior ::run [ RunTime:0.002527s ]
INFO: TokenBuild Behavior ::run [ RunTime:0.001539s ]
INFO: WriteHtmlCache Behavior ::run [ RunTime:0.001119s ]
INFO: ShowRuntime Behavior ::run [ RunTime:0.002114s ]
INFO: [ view_filter ] --END-- [ RunTime:0.007795s ]
INFO: [ view_end ] --START--
INFO: ShowPageTrace Behavior ::run [ RunTime:0.002249s ]
INFO: [ view_end ] --END-- [ RunTime:0.002412s ]

[ 2015-05-13T21:40:45+08:00 ] 127.0.0.1 /inforextend/
INFO: [ app_begin ] --START--
INFO: ReadHtmlCache Behavior ::run [ RunTime:0.001175s ]
INFO: [ app_begin ] --END-- [ RunTime:0.001311s ]
SQL: SHOW COLUMNS FROM `my_show` [ RunTime:0.008559s ]
SQL: SELECT * FROM `my_show` WHERE ( `mark` = 1 )  [ RunTime:0.000787s ]
INFO: [ view_parse ] --START--
NOTIC: [8] Undefined variable: show C:\wampconfile\wamp\www\inforextend\Runtime\Cache\Index\afb2426c97413ab415fb3eb793b642e8.php 第 103 行.
INFO: ParseTemplate Behavior ::run [ RunTime:0.019172s ]
INFO: [ view_parse ] --END-- [ RunTime:0.019302s ]
INFO: [ view_filter ] --START--
INFO: ContentReplace Behavior ::run [ RunTime:0.001220s ]
INFO: TokenBuild Behavior ::run [ RunTime:0.001154s ]
INFO: WriteHtmlCache Behavior ::run [ RunTime:0.000941s ]
INFO: ShowRuntime Behavior ::run [ RunTime:0.001492s ]
INFO: [ view_filter ] --END-- [ RunTime:0.005200s ]
INFO: [ view_end ] --START--
INFO: ShowPageTrace Behavior ::run [ RunTime:0.001586s ]
INFO: [ view_end ] --END-- [ RunTime:0.001770s ]

[ 2015-05-13T21:40:47+08:00 ] 127.0.0.1 /inforextend/
INFO: [ app_begin ] --START--
INFO: ReadHtmlCache Behavior ::run [ RunTime:0.001270s ]
INFO: [ app_begin ] --END-- [ RunTime:0.001422s ]
SQL: SHOW COLUMNS FROM `my_show` [ RunTime:0.007459s ]
SQL: SELECT * FROM `my_show` WHERE ( `mark` = 1 )  [ RunTime:0.000442s ]
INFO: [ view_parse ] --START--
NOTIC: [8] Undefined variable: show C:\wampconfile\wamp\www\inforextend\Runtime\Cache\Index\afb2426c97413ab415fb3eb793b642e8.php 第 103 行.
INFO: ParseTemplate Behavior ::run [ RunTime:0.019838s ]
INFO: [ view_parse ] --END-- [ RunTime:0.019982s ]
INFO: [ view_filter ] --START--
INFO: ContentReplace Behavior ::run [ RunTime:0.001109s ]
INFO: TokenBuild Behavior ::run [ RunTime:0.001038s ]
INFO: WriteHtmlCache Behavior ::run [ RunTime:0.001006s ]
INFO: ShowRuntime Behavior ::run [ RunTime:0.001198s ]
INFO: [ view_filter ] --END-- [ RunTime:0.004711s ]
INFO: [ view_end ] --START--
INFO: ShowPageTrace Behavior ::run [ RunTime:0.001436s ]
INFO: [ view_end ] --END-- [ RunTime:0.001596s ]

[ 2015-05-13T21:43:11+08:00 ] 127.0.0.1 /inforextend/
INFO: [ app_begin ] --START--
INFO: ReadHtmlCache Behavior ::run [ RunTime:0.002493s ]
INFO: [ app_begin ] --END-- [ RunTime:0.002661s ]
SQL: SHOW COLUMNS FROM `my_show` [ RunTime:0.009592s ]
SQL: SELECT * FROM `my_show` WHERE ( `mark` = 1 )  [ RunTime:0.000436s ]
INFO: [ view_parse ] --START--
NOTIC: [8] Undefined variable: show C:\wampconfile\wamp\www\inforextend\Runtime\Cache\Index\afb2426c97413ab415fb3eb793b642e8.php 第 103 行.
INFO: ParseTemplate Behavior ::run [ RunTime:0.020612s ]
INFO: [ view_parse ] --END-- [ RunTime:0.020754s ]
INFO: [ view_filter ] --START--
INFO: ContentReplace Behavior ::run [ RunTime:0.002038s ]
INFO: TokenBuild Behavior ::run [ RunTime:0.001964s ]
INFO: WriteHtmlCache Behavior ::run [ RunTime:0.002439s ]
INFO: ShowRuntime Behavior ::run [ RunTime:0.001553s ]
INFO: [ view_filter ] --END-- [ RunTime:0.008485s ]
INFO: [ view_end ] --START--
INFO: ShowPageTrace Behavior ::run [ RunTime:0.001562s ]
INFO: [ view_end ] --END-- [ RunTime:0.001698s ]

[ 2015-05-13T21:44:16+08:00 ] 127.0.0.1 /inforextend/
INFO: [ app_begin ] --START--
INFO: ReadHtmlCache Behavior ::run [ RunTime:0.002868s ]
INFO: [ app_begin ] --END-- [ RunTime:0.003308s ]
SQL: SHOW COLUMNS FROM `my_show` [ RunTime:0.007811s ]
SQL: SELECT * FROM `my_show` WHERE ( `mark` = 1 )  [ RunTime:0.000562s ]
INFO: [ view_parse ] --START--
NOTIC: [8] Undefined variable: show C:\wampconfile\wamp\www\inforextend\Runtime\Cache\Index\afb2426c97413ab415fb3eb793b642e8.php 第 103 行.
INFO: ParseTemplate Behavior ::run [ RunTime:0.025405s ]
INFO: [ view_parse ] --END-- [ RunTime:0.025596s ]
INFO: [ view_filter ] --START--
INFO: ContentReplace Behavior ::run [ RunTime:0.001698s ]
INFO: TokenBuild Behavior ::run [ RunTime:0.001988s ]
INFO: WriteHtmlCache Behavior ::run [ RunTime:0.001578s ]
INFO: ShowRuntime Behavior ::run [ RunTime:0.002848s ]
INFO: [ view_filter ] --END-- [ RunTime:0.008609s ]
INFO: [ view_end ] --START--
INFO: ShowPageTrace Behavior ::run [ RunTime:0.002653s ]
INFO: [ view_end ] --END-- [ RunTime:0.002847s ]

[ 2015-05-13T21:44:23+08:00 ] 127.0.0.1 /inforextend/index.php/Index/Index/people.html
INFO: [ route_check ] --START--
INFO: CheckRoute Behavior ::run [ RunTime:0.016336s ]
INFO: [ route_check ] --END-- [ RunTime:0.016506s ]
INFO: [ app_begin ] --START--
INFO: ReadHtmlCache Behavior ::run [ RunTime:0.001573s ]
INFO: [ app_begin ] --END-- [ RunTime:0.001744s ]
SQL: SHOW COLUMNS FROM `my_peopleinfor` [ RunTime:0.439488s ]
SQL: SELECT * FROM `my_peopleinfor` WHERE ( `mark` = 1 )  [ RunTime:0.001149s ]
INFO: [ view_parse ] --START--
INFO: ParseTemplate Behavior ::run [ RunTime:0.036025s ]
INFO: [ view_parse ] --END-- [ RunTime:0.036229s ]
INFO: [ view_filter ] --START--
INFO: ContentReplace Behavior ::run [ RunTime:0.001327s ]
INFO: TokenBuild Behavior ::run [ RunTime:0.001260s ]
INFO: WriteHtmlCache Behavior ::run [ RunTime:0.001143s ]
INFO: ShowRuntime Behavior ::run [ RunTime:0.001522s ]
INFO: [ view_filter ] --END-- [ RunTime:0.005662s ]
INFO: [ view_end ] --START--
INFO: ShowPageTrace Behavior ::run [ RunTime:0.001549s ]
INFO: [ view_end ] --END-- [ RunTime:0.001701s ]

[ 2015-05-13T21:45:03+08:00 ] 127.0.0.1 /inforextend/index.php/Addhtml/Index/
INFO: [ route_check ] --START--
INFO: CheckRoute Behavior ::run [ RunTime:0.001449s ]
INFO: [ route_check ] --END-- [ RunTime:0.001640s ]
INFO: [ app_begin ] --START--
INFO: ReadHtmlCache Behavior ::run [ RunTime:0.001420s ]
INFO: [ app_begin ] --END-- [ RunTime:0.001560s ]
INFO: [ view_parse ] --START--
INFO: ParseTemplate Behavior ::run [ RunTime:0.059917s ]
INFO: [ view_parse ] --END-- [ RunTime:0.060211s ]
INFO: [ view_filter ] --START--
INFO: ContentReplace Behavior ::run [ RunTime:0.001578s ]
INFO: TokenBuild Behavior ::run [ RunTime:0.001585s ]
INFO: WriteHtmlCache Behavior ::run [ RunTime:0.001314s ]
INFO: ShowRuntime Behavior ::run [ RunTime:0.001404s ]
INFO: [ view_filter ] --END-- [ RunTime:0.006399s ]
INFO: [ view_end ] --START--
INFO: ShowPageTrace Behavior ::run [ RunTime:0.001856s ]
INFO: [ view_end ] --END-- [ RunTime:0.002044s ]

